[debug] ----------------------------------------------------------------------
[debug] Command:      /usr/local/bin/node /usr/local/bin/firebase deploy
[debug] CLI Version:  3.9.0
[debug] Platform:     darwin
[debug] Node Version: v6.10.2
[debug] Time:         Thu May 18 2017 23:41:50 GMT-0500 (-05)
[debug] ----------------------------------------------------------------------
[debug] 
[debug] > command requires scopes: ["email","openid","https://www.googleapis.com/auth/cloudplatformprojects.readonly","https://www.googleapis.com/auth/firebase","https://www.googleapis.com/auth/cloud-platform"]
[debug] > refreshing access token with scopes: ["email","https://www.googleapis.com/auth/cloud-platform","https://www.googleapis.com/auth/cloudplatformprojects.readonly","https://www.googleapis.com/auth/firebase","openid"]
[debug] >>> HTTP REQUEST POST https://www.googleapis.com/oauth2/v3/token { refresh_token: '1/ggmFxwJ-Trk5QHNdeWMsWBqZXXyv2xpqyPluLBSQ-no',
  client_id: '563584335869-fgrhgmd47bqnekij5i8b5pr03ho849e6.apps.googleusercontent.com',
  client_secret: 'j9iVZfS8kkCEFUPaAeJV0sAi',
  grant_type: 'refresh_token',
  scope: 'email https://www.googleapis.com/auth/cloud-platform https://www.googleapis.com/auth/cloudplatformprojects.readonly https://www.googleapis.com/auth/firebase openid' } 
 Thu May 18 2017 23:41:50 GMT-0500 (-05)
[debug] <<< HTTP RESPONSE 200
[debug] >>> HTTP REQUEST GET https://admin.firebase.com/v1/projects/poli-voto  
 Thu May 18 2017 23:41:50 GMT-0500 (-05)
[debug] <<< HTTP RESPONSE 200
[debug] >>> HTTP REQUEST GET https://admin.firebase.com/v1/database/poli-voto/tokens  
 Thu May 18 2017 23:41:51 GMT-0500 (-05)
[debug] <<< HTTP RESPONSE 200
[info] 
[info] === Deploying to 'poli-voto'...
[info] 
[info] i  deploying database, functions, hosting
[info] ✔  database: rules ready to deploy.
[debug] > [functions] package.json contents: {
  "name": "functions",
  "description": "Cloud Functions for Firebase",
  "dependencies": {
    "firebase-admin": "~4.1.2",
    "firebase-functions": "^0.5"
  },
  "private": true
}
[info] i  functions: ensuring necessary APIs are enabled...
[info] i  runtimeconfig: ensuring necessary APIs are enabled...
[debug] >>> HTTP REQUEST GET https://servicemanagement.googleapis.com/v1/services/cloudfunctions.googleapis.com/projectSettings/poli-voto?view=CONSUMER_VIEW  
 Thu May 18 2017 23:41:53 GMT-0500 (-05)
[debug] >>> HTTP REQUEST GET https://servicemanagement.googleapis.com/v1/services/runtimeconfig.googleapis.com/projectSettings/poli-voto?view=CONSUMER_VIEW  
 Thu May 18 2017 23:41:53 GMT-0500 (-05)
[debug] <<< HTTP RESPONSE 200
[info] ✔  runtimeconfig: all necessary APIs are enabled
[debug] <<< HTTP RESPONSE 200
[info] ✔  functions: all necessary APIs are enabled
[debug] >>> HTTP REQUEST GET https://appengine.googleapis.com/v1/apps/poli-voto  
 Thu May 18 2017 23:41:54 GMT-0500 (-05)
[debug] >>> HTTP REQUEST GET https://apikeys.googleapis.com/v1/projects/poli-voto/apiKeys  
 Thu May 18 2017 23:41:54 GMT-0500 (-05)
[debug] <<< HTTP RESPONSE 200
[debug] <<< HTTP RESPONSE 200
[info] i  functions: preparing functions directory for uploading...
[debug] >>> HTTP REQUEST GET https://runtimeconfig.googleapis.com/v1beta1/projects/poli-voto/configs  
 Thu May 18 2017 23:41:57 GMT-0500 (-05)
[debug] <<< HTTP RESPONSE 200
[debug] > [functions] runtime config materialized as: {
  "firebase": {
    "databaseURL": "https://poli-voto.firebaseio.com",
    "storageBucket": "poli-voto.appspot.com",
    "apiKey": "AIzaSyBmzeWb-5TOlJt4usTobjEqxn3nvgxdL2k",
    "authDomain": "poli-voto.firebaseapp.com"
  }
}
[info] i  hosting: preparing dist directory for upload...
[debug] >>> HTTP REQUEST PUT https://deploy.firebase.com/v1/hosting/poli-voto/uploads/-KkU-l2lJM0cwRd8letb?fileCount=21&message=  
 Thu May 18 2017 23:41:58 GMT-0500 (-05)
[debug] <<< HTTP RESPONSE 200
[debug] [hosting] .tgz uploaded successfully, waiting for extraction
